<?xml version="1.0" encoding="UTF-8"?>
<testng-results ignored="0" total="1" passed="1" failed="0" skipped="0">
  <reporter-output>
  </reporter-output>
  <suite started-at="2024-08-12T21:31:01 EDT" name="Suite" finished-at="2024-08-12T21:31:22 EDT" duration-ms="20452">
    <groups>
    </groups>
    <test started-at="2024-08-12T21:31:01 EDT" name="Test" finished-at="2024-08-12T21:31:22 EDT" duration-ms="20452">
      <class name="com.testNGSuite.SeleniumTests">
        <test-method is-config="true" signature="initializeDriver()[pri:0, instance:com.testNGSuite.SeleniumTests@27462a88]" started-at="2024-08-12T21:31:01 EDT" name="initializeDriver" finished-at="2024-08-12T21:31:08 EDT" duration-ms="6934" status="PASS">
          <reporter-output>
          </reporter-output>
        </test-method> <!-- initializeDriver -->
        <test-method signature="verifyApplicationPage()[pri:0, instance:com.testNGSuite.SeleniumTests@27462a88]" started-at="2024-08-12T21:31:09 EDT" name="verifyApplicationPage" finished-at="2024-08-12T21:31:21 EDT" duration-ms="12958" status="PASS">
          <reporter-output>
          </reporter-output>
        </test-method> <!-- verifyApplicationPage -->
        <test-method is-config="true" signature="closeDriver()[pri:0, instance:com.testNGSuite.SeleniumTests@27462a88]" started-at="2024-08-12T21:31:21 EDT" name="closeDriver" finished-at="2024-08-12T21:31:22 EDT" duration-ms="325" status="PASS">
          <reporter-output>
          </reporter-output>
        </test-method> <!-- closeDriver -->
      </class> <!-- com.testNGSuite.SeleniumTests -->
    </test> <!-- Test -->
  </suite> <!-- Suite -->
</testng-results>
